<?xml version="1.0" encoding="UTF-8"?>
<!-- Generated by org.testng.reporters.JUnitReportReporter -->
<testsuite hostname="DESKTOP-O9SR27M" name="tests.HomePageTest" tests="1" failures="0" timestamp="16 Apr 2025 04:52:40 GMT" time="93.298" errors="0">
  <testcase name="verifyHomePageLoads" time="93.298" classname="tests.HomePageTest"/>
</testsuite> <!-- tests.HomePageTest -->
